e:\002_nstu\4semestr\001_techprog\lr1\git\lr1_v1.6.1\tp.lab1\debug\vc120.pdb
e:\002_nstu\4semestr\001_techprog\lr1\git\lr1_v1.6.1\tp.lab1\debug\vc120.idb
e:\002_nstu\4semestr\001_techprog\lr1\git\lr1_v1.6.1\tp.lab1\debug\argsparse.obj
e:\002_nstu\4semestr\001_techprog\lr1\git\lr1_v1.6.1\tp.lab1\debug\filew.obj
e:\002_nstu\4semestr\001_techprog\lr1\git\lr1_v1.6.1\tp.lab1\debug\tp.lab1.obj
e:\002_nstu\4semestr\001_techprog\lr1\git\lr1_v1.6.1\debug\tp.lab1.ilk
e:\002_nstu\4semestr\001_techprog\lr1\git\lr1_v1.6.1\debug\tp.lab1.exe
e:\002_nstu\4semestr\001_techprog\lr1\git\lr1_v1.6.1\debug\tp.lab1.pdb
c:\users\gatsby\documents\github\lr1_v1.6.2\tp.lab1\debug\argsparse.obj
c:\users\gatsby\documents\github\lr1_v1.6.2\tp.lab1\debug\filew.obj
c:\users\gatsby\documents\github\lr1_v1.6.2\tp.lab1\debug\tp.lab1.obj
c:\users\gatsby\documents\github\lr1_v1.6.2\tp.lab1\debug\vc120.idb
c:\users\gatsby\documents\github\lr1_v1.6.2\tp.lab1\debug\vc120.pdb
c:\users\gatsby\documents\github\lr1_v1.6.2\debug\tp.lab1.pdb
c:\users\gatsby\documents\github\lr1_v1.6.2\debug\tp.lab1.exe
c:\users\gatsby\documents\github\lr1_v1.6.2\debug\tp.lab1.ilk
c:\users\gatsby\documents\github\lr1_v1.6.2\tp.lab1\debug\tp.lab1.tlog\cl.command.1.tlog
c:\users\gatsby\documents\github\lr1_v1.6.2\tp.lab1\debug\tp.lab1.tlog\cl.read.1.tlog
c:\users\gatsby\documents\github\lr1_v1.6.2\tp.lab1\debug\tp.lab1.tlog\cl.write.1.tlog
c:\users\gatsby\documents\github\lr1_v1.6.2\tp.lab1\debug\tp.lab1.tlog\link.command.1.tlog
c:\users\gatsby\documents\github\lr1_v1.6.2\tp.lab1\debug\tp.lab1.tlog\link.read.1.tlog
c:\users\gatsby\documents\github\lr1_v1.6.2\tp.lab1\debug\tp.lab1.tlog\link.write.1.tlog
